<?xml version="1.0" encoding="UTF-8"?>
<testsuite name="com.sevendigital.radio.rules.TestNoMoreThanThreeSongsFromAnAlbumInAnHour" tests="5" skipped="0" failures="0" errors="0" timestamp="2017-07-20T17:56:27" hostname="b-0089" time="0.003">
  <properties/>
  <testcase name="the first song from an album is allowed" classname="com.sevendigital.radio.rules.TestNoMoreThanThreeSongsFromAnAlbumInAnHour" time="0.0"/>
  <testcase name="three non-consecutive songs from an album in an hour are allowed" classname="com.sevendigital.radio.rules.TestNoMoreThanThreeSongsFromAnAlbumInAnHour" time="0.001"/>
  <testcase name="four non-consecutive songs from an album in an hour are not allowed" classname="com.sevendigital.radio.rules.TestNoMoreThanThreeSongsFromAnAlbumInAnHour" time="0.0"/>
  <testcase name="four non-consecutive songs from an album in more than an hour are allowed" classname="com.sevendigital.radio.rules.TestNoMoreThanThreeSongsFromAnAlbumInAnHour" time="0.001"/>
  <testcase name="four non-consecutive songs from an album in any one hour window are not allowed" classname="com.sevendigital.radio.rules.TestNoMoreThanThreeSongsFromAnAlbumInAnHour" time="0.001"/>
  <system-out><![CDATA[]]></system-out>
  <system-err><![CDATA[]]></system-err>
</testsuite>
