<?xml version="1.0" encoding="UTF-8"?>
<testsuite name="com.sevendigital.radio.rules.SongRulesServiceTest" tests="3" skipped="0" failures="0" errors="0" timestamp="2017-07-20T17:56:27" hostname="b-0089" time="0.052">
  <properties/>
  <testcase name="testThreadSafe" classname="com.sevendigital.radio.rules.SongRulesServiceTest" time="0.05"/>
  <testcase name="testHistoryCache" classname="com.sevendigital.radio.rules.SongRulesServiceTest" time="0.0"/>
  <testcase name="testNoOldSongsInCache" classname="com.sevendigital.radio.rules.SongRulesServiceTest" time="0.0"/>
  <system-out><![CDATA[]]></system-out>
  <system-err><![CDATA[]]></system-err>
</testsuite>
