<?xml version="1.0" encoding="UTF-8"?>
<testsuite name="com.sevendigital.radio.rules.TestNoMoreThanTwoConsecutiveSongsFromAnAlbum" tests="4" skipped="0" failures="0" errors="0" timestamp="2017-07-20T17:56:28" hostname="b-0089" time="0.003">
  <properties/>
  <testcase name="a single song from an album is allowed" classname="com.sevendigital.radio.rules.TestNoMoreThanTwoConsecutiveSongsFromAnAlbum" time="0.0"/>
  <testcase name="two consecutive songs from an album are allowed" classname="com.sevendigital.radio.rules.TestNoMoreThanTwoConsecutiveSongsFromAnAlbum" time="0.001"/>
  <testcase name="three consecutive songs from an album are not allowed" classname="com.sevendigital.radio.rules.TestNoMoreThanTwoConsecutiveSongsFromAnAlbum" time="0.001"/>
  <testcase name="three non consecutive songs from an album are allowed" classname="com.sevendigital.radio.rules.TestNoMoreThanTwoConsecutiveSongsFromAnAlbum" time="0.001"/>
  <system-out><![CDATA[]]></system-out>
  <system-err><![CDATA[]]></system-err>
</testsuite>
